{"C:\\Users\\MurrayN\\Documents\\GitHub\\vite\\packages\\vite-mapps-comp-lib\\src\\App.jsx": {"path":"C:\\Users\\MurrayN\\Documents\\GitHub\\vite\\packages\\vite-mapps-comp-lib\\src\\App.jsx","statementMap":{"0":{"start":{"line":6,"column":28},"end":{"line":6,"column":39}},"1":{"start":{"line":8,"column":2},"end":{"line":42,"column":3}},"2":{"start":{"line":14,"column":47},"end":{"line":14,"column":77}},"3":{"start":{"line":14,"column":67},"end":{"line":14,"column":76}}},"fnMap":{"0":{"name":"App","decl":{"start":{"line":5,"column":9},"end":{"line":5,"column":12}},"loc":{"start":{"line":5,"column":15},"end":{"line":43,"column":1}},"line":5},"1":{"name":"(anonymous_1)","decl":{"start":{"line":14,"column":41},"end":{"line":14,"column":42}},"loc":{"start":{"line":14,"column":47},"end":{"line":14,"column":77}},"line":14},"2":{"name":"(anonymous_2)","decl":{"start":{"line":14,"column":56},"end":{"line":14,"column":57}},"loc":{"start":{"line":14,"column":67},"end":{"line":14,"column":76}},"line":14}},"branchMap":{},"s":{"0":0,"1":0,"2":0,"3":0},"f":{"0":0,"1":0,"2":0},"b":{}}
,"C:\\Users\\MurrayN\\Documents\\GitHub\\vite\\packages\\vite-mapps-comp-lib\\src\\main.jsx": {"path":"C:\\Users\\MurrayN\\Documents\\GitHub\\vite\\packages\\vite-mapps-comp-lib\\src\\main.jsx","statementMap":{"0":{"start":{"line":6,"column":0},"end":{"line":10,"column":1}}},"fnMap":{},"branchMap":{},"s":{"0":0},"f":{},"b":{}}
,"C:\\Users\\MurrayN\\Documents\\GitHub\\vite\\packages\\vite-mapps-comp-lib\\src\\lib\\accordion\\Accordion.jsx": {"path":"C:\\Users\\MurrayN\\Documents\\GitHub\\vite\\packages\\vite-mapps-comp-lib\\src\\lib\\accordion\\Accordion.jsx","statementMap":{"0":{"start":{"line":5,"column":25},"end":{"line":132,"column":1}},"1":{"start":{"line":11,"column":36},"end":{"line":11,"column":38}},"2":{"start":{"line":12,"column":2},"end":{"line":12,"column":100}},"3":{"start":{"line":12,"column":29},"end":{"line":12,"column":98}},"4":{"start":{"line":14,"column":54},"end":{"line":14,"column":89}},"5":{"start":{"line":15,"column":35},"end":{"line":22,"column":3}},"6":{"start":{"line":16,"column":4},"end":{"line":21,"column":5}},"7":{"start":{"line":17,"column":39},"end":{"line":17,"column":96}},"8":{"start":{"line":17,"column":73},"end":{"line":17,"column":95}},"9":{"start":{"line":18,"column":6},"end":{"line":18,"column":54}},"10":{"start":{"line":20,"column":6},"end":{"line":20,"column":69}},"11":{"start":{"line":24,"column":30},"end":{"line":32,"column":3}},"12":{"start":{"line":25,"column":4},"end":{"line":31,"column":5}},"13":{"start":{"line":26,"column":6},"end":{"line":26,"column":32}},"14":{"start":{"line":28,"column":25},"end":{"line":28,"column":27}},"15":{"start":{"line":29,"column":6},"end":{"line":29,"column":72}},"16":{"start":{"line":29,"column":33},"end":{"line":29,"column":70}},"17":{"start":{"line":30,"column":6},"end":{"line":30,"column":40}},"18":{"start":{"line":34,"column":2},"end":{"line":131,"column":4}},"19":{"start":{"line":56,"column":28},"end":{"line":56,"column":48}},"20":{"start":{"line":57,"column":10},"end":{"line":128,"column":10}},"21":{"start":{"line":68,"column":35},"end":{"line":68,"column":70}},"22":{"start":{"line":134,"column":0},"end":{"line":147,"column":2}},"23":{"start":{"line":149,"column":0},"end":{"line":149,"column":28}}},"fnMap":{"0":{"name":"(anonymous_0)","decl":{"start":{"line":5,"column":25},"end":{"line":5,"column":26}},"loc":{"start":{"line":9,"column":7},"end":{"line":132,"column":1}},"line":9},"1":{"name":"(anonymous_1)","decl":{"start":{"line":12,"column":12},"end":{"line":12,"column":13}},"loc":{"start":{"line":12,"column":29},"end":{"line":12,"column":98}},"line":12},"2":{"name":"(anonymous_2)","decl":{"start":{"line":15,"column":35},"end":{"line":15,"column":36}},"loc":{"start":{"line":15,"column":55},"end":{"line":22,"column":3}},"line":15},"3":{"name":"(anonymous_3)","decl":{"start":{"line":17,"column":65},"end":{"line":17,"column":66}},"loc":{"start":{"line":17,"column":73},"end":{"line":17,"column":95}},"line":17},"4":{"name":"(anonymous_4)","decl":{"start":{"line":24,"column":30},"end":{"line":24,"column":31}},"loc":{"start":{"line":24,"column":36},"end":{"line":32,"column":3}},"line":24},"5":{"name":"(anonymous_5)","decl":{"start":{"line":29,"column":16},"end":{"line":29,"column":17}},"loc":{"start":{"line":29,"column":33},"end":{"line":29,"column":70}},"line":29},"6":{"name":"(anonymous_6)","decl":{"start":{"line":55,"column":18},"end":{"line":55,"column":19}},"loc":{"start":{"line":55,"column":35},"end":{"line":128,"column":11}},"line":55},"7":{"name":"(anonymous_7)","decl":{"start":{"line":68,"column":29},"end":{"line":68,"column":30}},"loc":{"start":{"line":68,"column":35},"end":{"line":68,"column":70}},"line":68}},"branchMap":{"0":{"loc":{"start":{"line":12,"column":29},"end":{"line":12,"column":98}},"type":"binary-expr","locations":[{"start":{"line":12,"column":29},"end":{"line":12,"column":42}},{"start":{"line":12,"column":46},"end":{"line":12,"column":98}}],"line":12},"1":{"loc":{"start":{"line":16,"column":4},"end":{"line":21,"column":5}},"type":"if","locations":[{"start":{"line":16,"column":4},"end":{"line":21,"column":5}},{"start":{"line":19,"column":11},"end":{"line":21,"column":5}}],"line":16},"2":{"loc":{"start":{"line":25,"column":4},"end":{"line":31,"column":5}},"type":"if","locations":[{"start":{"line":25,"column":4},"end":{"line":31,"column":5}},{"start":{"line":27,"column":11},"end":{"line":31,"column":5}}],"line":25},"3":{"loc":{"start":{"line":40,"column":8},"end":{"line":51,"column":14}},"type":"binary-expr","locations":[{"start":{"line":40,"column":8},"end":{"line":40,"column":31}},{"start":{"line":41,"column":8},"end":{"line":51,"column":14}}],"line":40},"4":{"loc":{"start":{"line":43,"column":27},"end":{"line":43,"column":88}},"type":"cond-expr","locations":[{"start":{"line":43,"column":72},"end":{"line":43,"column":78}},{"start":{"line":43,"column":81},"end":{"line":43,"column":88}}],"line":43},"5":{"loc":{"start":{"line":49,"column":62},"end":{"line":49,"column":122}},"type":"cond-expr","locations":[{"start":{"line":49,"column":107},"end":{"line":49,"column":113}},{"start":{"line":49,"column":116},"end":{"line":49,"column":122}}],"line":49},"6":{"loc":{"start":{"line":54,"column":8},"end":{"line":128,"column":12}},"type":"binary-expr","locations":[{"start":{"line":54,"column":8},"end":{"line":54,"column":13}},{"start":{"line":55,"column":8},"end":{"line":128,"column":12}}],"line":54},"7":{"loc":{"start":{"line":59,"column":52},"end":{"line":59,"column":135}},"type":"cond-expr","locations":[{"start":{"line":59,"column":93},"end":{"line":59,"column":130}},{"start":{"line":59,"column":133},"end":{"line":59,"column":135}}],"line":59},"8":{"loc":{"start":{"line":66,"column":35},"end":{"line":66,"column":92}},"type":"cond-expr","locations":[{"start":{"line":66,"column":76},"end":{"line":66,"column":82}},{"start":{"line":66,"column":85},"end":{"line":66,"column":92}}],"line":66},"9":{"loc":{"start":{"line":72,"column":22},"end":{"line":77,"column":29}},"type":"binary-expr","locations":[{"start":{"line":72,"column":22},"end":{"line":72,"column":45}},{"start":{"line":73,"column":22},"end":{"line":77,"column":29}}],"line":72},"10":{"loc":{"start":{"line":76,"column":25},"end":{"line":76,"column":87}},"type":"cond-expr","locations":[{"start":{"line":76,"column":67},"end":{"line":76,"column":75}},{"start":{"line":76,"column":78},"end":{"line":76,"column":87}}],"line":76},"11":{"loc":{"start":{"line":91,"column":22},"end":{"line":100,"column":23}},"type":"binary-expr","locations":[{"start":{"line":91,"column":22},"end":{"line":91,"column":34}},{"start":{"line":92,"column":24},"end":{"line":99,"column":27}}],"line":91},"12":{"loc":{"start":{"line":102,"column":22},"end":{"line":114,"column":29}},"type":"binary-expr","locations":[{"start":{"line":102,"column":22},"end":{"line":102,"column":45}},{"start":{"line":103,"column":22},"end":{"line":114,"column":29}}],"line":102},"13":{"loc":{"start":{"line":108,"column":74},"end":{"line":108,"column":157}},"type":"cond-expr","locations":[{"start":{"line":108,"column":115},"end":{"line":108,"column":117}},{"start":{"line":108,"column":120},"end":{"line":108,"column":157}}],"line":108},"14":{"loc":{"start":{"line":110,"column":29},"end":{"line":110,"column":86}},"type":"cond-expr","locations":[{"start":{"line":110,"column":71},"end":{"line":110,"column":77}},{"start":{"line":110,"column":80},"end":{"line":110,"column":86}}],"line":110}},"s":{"0":1,"1":14,"2":14,"3":56,"4":14,"5":14,"6":4,"7":2,"8":2,"9":2,"10":2,"11":14,"12":2,"13":1,"14":1,"15":1,"16":4,"17":1,"18":14,"19":56,"20":56,"21":4,"22":1,"23":1},"f":{"0":14,"1":56,"2":4,"3":2,"4":2,"5":4,"6":56,"7":4},"b":{"0":[56,2],"1":[2,2],"2":[1,1],"3":[14,10],"4":[1,9],"5":[1,9],"6":[14,14],"7":[8,48],"8":[8,48],"9":[56,16],"10":[14,2],"11":[56,8],"12":[56,40],"13":[6,34],"14":[34,6]},"_coverageSchema":"1a1c01bbd47fc00a2c39e90264f33305004495a9","hash":"9cf96fbedcee1806547a34ed9216e66a55126d6b"}
,"C:\\Users\\MurrayN\\Documents\\GitHub\\vite\\packages\\vite-mapps-comp-lib\\src\\lib\\alert\\Alert.jsx": {"path":"C:\\Users\\MurrayN\\Documents\\GitHub\\vite\\packages\\vite-mapps-comp-lib\\src\\lib\\alert\\Alert.jsx","statementMap":{"0":{"start":{"line":4,"column":21},"end":{"line":18,"column":1}},"1":{"start":{"line":5,"column":2},"end":{"line":17,"column":4}},"2":{"start":{"line":20,"column":0},"end":{"line":28,"column":2}},"3":{"start":{"line":30,"column":0},"end":{"line":30,"column":24}}},"fnMap":{"0":{"name":"(anonymous_0)","decl":{"start":{"line":4,"column":21},"end":{"line":4,"column":22}},"loc":{"start":{"line":4,"column":57},"end":{"line":18,"column":1}},"line":4}},"branchMap":{"0":{"loc":{"start":{"line":7,"column":30},"end":{"line":7,"column":116}},"type":"cond-expr","locations":[{"start":{"line":7,"column":41},"end":{"line":7,"column":110}},{"start":{"line":7,"column":114},"end":{"line":7,"column":116}}],"line":7},"1":{"loc":{"start":{"line":7,"column":41},"end":{"line":7,"column":110}},"type":"cond-expr","locations":[{"start":{"line":7,"column":65},"end":{"line":7,"column":87}},{"start":{"line":7,"column":90},"end":{"line":7,"column":110}}],"line":7}},"s":{"0":1,"1":4,"2":1,"3":1},"f":{"0":4},"b":{"0":[2,2],"1":[1,1]},"_coverageSchema":"1a1c01bbd47fc00a2c39e90264f33305004495a9","hash":"12bd95d1881d5b769fd2421f92f4ce290f3a7a88"}
,"C:\\Users\\MurrayN\\Documents\\GitHub\\vite\\packages\\vite-mapps-comp-lib\\src\\lib\\back-link\\BackLink.jsx": {"path":"C:\\Users\\MurrayN\\Documents\\GitHub\\vite\\packages\\vite-mapps-comp-lib\\src\\lib\\back-link\\BackLink.jsx","statementMap":{"0":{"start":{"line":4,"column":24},"end":{"line":13,"column":1}},"1":{"start":{"line":5,"column":2},"end":{"line":12,"column":10}},"2":{"start":{"line":15,"column":0},"end":{"line":18,"column":2}},"3":{"start":{"line":20,"column":0},"end":{"line":20,"column":27}}},"fnMap":{"0":{"name":"(anonymous_0)","decl":{"start":{"line":4,"column":24},"end":{"line":4,"column":25}},"loc":{"start":{"line":4,"column":44},"end":{"line":13,"column":1}},"line":4}},"branchMap":{},"s":{"0":1,"1":2,"2":1,"3":1},"f":{"0":2},"b":{},"_coverageSchema":"1a1c01bbd47fc00a2c39e90264f33305004495a9","hash":"77cd20c0590e8928d0599edc92da6c3e77eb8bc1"}
,"C:\\Users\\MurrayN\\Documents\\GitHub\\vite\\packages\\vite-mapps-comp-lib\\src\\lib\\breadcrumbs\\Breadcrumbs.jsx": {"path":"C:\\Users\\MurrayN\\Documents\\GitHub\\vite\\packages\\vite-mapps-comp-lib\\src\\lib\\breadcrumbs\\Breadcrumbs.jsx","statementMap":{"0":{"start":{"line":4,"column":27},"end":{"line":32,"column":1}},"1":{"start":{"line":5,"column":2},"end":{"line":31,"column":4}},"2":{"start":{"line":13,"column":16},"end":{"line":23,"column":21}},"3":{"start":{"line":34,"column":0},"end":{"line":42,"column":2}},"4":{"start":{"line":44,"column":0},"end":{"line":44,"column":30}}},"fnMap":{"0":{"name":"(anonymous_0)","decl":{"start":{"line":4,"column":27},"end":{"line":4,"column":28}},"loc":{"start":{"line":4,"column":59},"end":{"line":32,"column":1}},"line":4},"1":{"name":"(anonymous_1)","decl":{"start":{"line":12,"column":24},"end":{"line":12,"column":25}},"loc":{"start":{"line":13,"column":16},"end":{"line":23,"column":21}},"line":13}},"branchMap":{"0":{"loc":{"start":{"line":6,"column":40},"end":{"line":6,"column":104}},"type":"cond-expr","locations":[{"start":{"line":6,"column":59},"end":{"line":6,"column":99}},{"start":{"line":6,"column":102},"end":{"line":6,"column":104}}],"line":6},"1":{"loc":{"start":{"line":8,"column":8},"end":{"line":28,"column":9}},"type":"binary-expr","locations":[{"start":{"line":8,"column":8},"end":{"line":8,"column":13}},{"start":{"line":10,"column":10},"end":{"line":27,"column":15}}],"line":8}},"s":{"0":1,"1":3,"2":11,"3":1,"4":1},"f":{"0":3,"1":11},"b":{"0":[1,2],"1":[3,3]},"_coverageSchema":"1a1c01bbd47fc00a2c39e90264f33305004495a9","hash":"1e95b1580137cf760c7bf246c6547877fd106910"}
,"C:\\Users\\MurrayN\\Documents\\GitHub\\vite\\packages\\vite-mapps-comp-lib\\src\\lib\\button\\Button.jsx": {"path":"C:\\Users\\MurrayN\\Documents\\GitHub\\vite\\packages\\vite-mapps-comp-lib\\src\\lib\\button\\Button.jsx","statementMap":{"0":{"start":{"line":6,"column":22},"end":{"line":6,"column":36}},"1":{"start":{"line":8,"column":33},"end":{"line":19,"column":1}},"2":{"start":{"line":9,"column":2},"end":{"line":18,"column":3}},"3":{"start":{"line":11,"column":6},"end":{"line":11,"column":16}},"4":{"start":{"line":13,"column":6},"end":{"line":13,"column":39}},"5":{"start":{"line":15,"column":6},"end":{"line":15,"column":37}},"6":{"start":{"line":17,"column":6},"end":{"line":17,"column":16}},"7":{"start":{"line":21,"column":34},"end":{"line":23,"column":1}},"8":{"start":{"line":22,"column":2},"end":{"line":22,"column":51}},"9":{"start":{"line":25,"column":31},"end":{"line":27,"column":1}},"10":{"start":{"line":26,"column":2},"end":{"line":26,"column":53}},"11":{"start":{"line":29,"column":22},"end":{"line":32,"column":1}},"12":{"start":{"line":30,"column":2},"end":{"line":31,"column":55}},"13":{"start":{"line":34,"column":22},"end":{"line":78,"column":1}},"14":{"start":{"line":48,"column":21},"end":{"line":48,"column":76}},"15":{"start":{"line":50,"column":27},"end":{"line":52,"column":7}},"16":{"start":{"line":51,"column":10},"end":{"line":51,"column":63}},"17":{"start":{"line":51,"column":53},"end":{"line":51,"column":57}},"18":{"start":{"line":56,"column":2},"end":{"line":60,"column":9}},"19":{"start":{"line":57,"column":4},"end":{"line":59,"column":6}},"20":{"start":{"line":58,"column":6},"end":{"line":58,"column":32}},"21":{"start":{"line":62,"column":2},"end":{"line":77,"column":4}},"22":{"start":{"line":80,"column":0},"end":{"line":95,"column":2}},"23":{"start":{"line":97,"column":0},"end":{"line":100,"column":2}}},"fnMap":{"0":{"name":"(anonymous_0)","decl":{"start":{"line":8,"column":33},"end":{"line":8,"column":34}},"loc":{"start":{"line":8,"column":46},"end":{"line":19,"column":1}},"line":8},"1":{"name":"(anonymous_1)","decl":{"start":{"line":21,"column":34},"end":{"line":21,"column":35}},"loc":{"start":{"line":21,"column":48},"end":{"line":23,"column":1}},"line":21},"2":{"name":"(anonymous_2)","decl":{"start":{"line":25,"column":31},"end":{"line":25,"column":32}},"loc":{"start":{"line":25,"column":50},"end":{"line":27,"column":1}},"line":25},"3":{"name":"(anonymous_3)","decl":{"start":{"line":29,"column":22},"end":{"line":29,"column":23}},"loc":{"start":{"line":29,"column":60},"end":{"line":32,"column":1}},"line":29},"4":{"name":"(anonymous_4)","decl":{"start":{"line":34,"column":22},"end":{"line":34,"column":23}},"loc":{"start":{"line":45,"column":6},"end":{"line":78,"column":1}},"line":45},"5":{"name":"(anonymous_5)","decl":{"start":{"line":51,"column":4},"end":{"line":51,"column":5}},"loc":{"start":{"line":51,"column":10},"end":{"line":51,"column":63}},"line":51},"6":{"name":"(anonymous_6)","decl":{"start":{"line":51,"column":47},"end":{"line":51,"column":48}},"loc":{"start":{"line":51,"column":53},"end":{"line":51,"column":57}},"line":51},"7":{"name":"(anonymous_7)","decl":{"start":{"line":56,"column":12},"end":{"line":56,"column":13}},"loc":{"start":{"line":56,"column":18},"end":{"line":60,"column":3}},"line":56},"8":{"name":"(anonymous_8)","decl":{"start":{"line":57,"column":11},"end":{"line":57,"column":12}},"loc":{"start":{"line":57,"column":17},"end":{"line":59,"column":5}},"line":57}},"branchMap":{"0":{"loc":{"start":{"line":9,"column":2},"end":{"line":18,"column":3}},"type":"switch","locations":[{"start":{"line":10,"column":4},"end":{"line":11,"column":16}},{"start":{"line":12,"column":4},"end":{"line":13,"column":39}},{"start":{"line":14,"column":4},"end":{"line":15,"column":37}},{"start":{"line":16,"column":4},"end":{"line":17,"column":16}}],"line":9},"1":{"loc":{"start":{"line":22,"column":9},"end":{"line":22,"column":50}},"type":"cond-expr","locations":[{"start":{"line":22,"column":20},"end":{"line":22,"column":44}},{"start":{"line":22,"column":48},"end":{"line":22,"column":50}}],"line":22},"2":{"loc":{"start":{"line":26,"column":9},"end":{"line":26,"column":52}},"type":"cond-expr","locations":[{"start":{"line":26,"column":25},"end":{"line":26,"column":46}},{"start":{"line":26,"column":50},"end":{"line":26,"column":52}}],"line":26},"3":{"loc":{"start":{"line":48,"column":21},"end":{"line":48,"column":76}},"type":"cond-expr","locations":[{"start":{"line":48,"column":62},"end":{"line":48,"column":65}},{"start":{"line":48,"column":68},"end":{"line":48,"column":76}}],"line":48},"4":{"loc":{"start":{"line":48,"column":22},"end":{"line":48,"column":58}},"type":"binary-expr","locations":[{"start":{"line":48,"column":22},"end":{"line":48,"column":36}},{"start":{"line":48,"column":40},"end":{"line":48,"column":58}}],"line":48},"5":{"loc":{"start":{"line":51,"column":19},"end":{"line":51,"column":57}},"type":"cond-expr","locations":[{"start":{"line":51,"column":33},"end":{"line":51,"column":44}},{"start":{"line":51,"column":47},"end":{"line":51,"column":57}}],"line":51},"6":{"loc":{"start":{"line":64,"column":11},"end":{"line":64,"column":54}},"type":"cond-expr","locations":[{"start":{"line":64,"column":22},"end":{"line":64,"column":49}},{"start":{"line":64,"column":52},"end":{"line":64,"column":54}}],"line":64},"7":{"loc":{"start":{"line":65,"column":70},"end":{"line":65,"column":98}},"type":"cond-expr","locations":[{"start":{"line":65,"column":80},"end":{"line":65,"column":93}},{"start":{"line":65,"column":96},"end":{"line":65,"column":98}}],"line":65},"8":{"loc":{"start":{"line":68,"column":11},"end":{"line":68,"column":68}},"type":"cond-expr","locations":[{"start":{"line":68,"column":37},"end":{"line":68,"column":63}},{"start":{"line":68,"column":66},"end":{"line":68,"column":68}}],"line":68},"9":{"loc":{"start":{"line":69,"column":11},"end":{"line":69,"column":39}},"type":"cond-expr","locations":[{"start":{"line":69,"column":18},"end":{"line":69,"column":34}},{"start":{"line":69,"column":37},"end":{"line":69,"column":39}}],"line":69},"10":{"loc":{"start":{"line":70,"column":15},"end":{"line":70,"column":95}},"type":"cond-expr","locations":[{"start":{"line":70,"column":30},"end":{"line":70,"column":82}},{"start":{"line":70,"column":86},"end":{"line":70,"column":95}}],"line":70},"11":{"loc":{"start":{"line":70,"column":30},"end":{"line":70,"column":82}},"type":"cond-expr","locations":[{"start":{"line":70,"column":52},"end":{"line":70,"column":63}},{"start":{"line":70,"column":66},"end":{"line":70,"column":82}}],"line":70},"12":{"loc":{"start":{"line":73,"column":8},"end":{"line":74,"column":19}},"type":"binary-expr","locations":[{"start":{"line":73,"column":8},"end":{"line":73,"column":21}},{"start":{"line":74,"column":9},"end":{"line":74,"column":18}}],"line":73}},"s":{"0":2,"1":2,"2":22,"3":1,"4":3,"5":1,"6":17,"7":2,"8":22,"9":2,"10":22,"11":2,"12":22,"13":2,"14":22,"15":22,"16":22,"17":0,"18":22,"19":22,"20":22,"21":22,"22":2,"23":2},"f":{"0":22,"1":22,"2":22,"3":22,"4":22,"5":22,"6":0,"7":22,"8":22},"b":{"0":[1,3,1,17],"1":[1,21],"2":[1,21],"3":[2,20],"4":[22,21],"5":[3,19],"6":[1,21],"7":[1,21],"8":[3,19],"9":[1,21],"10":[3,19],"11":[2,1],"12":[22,1]},"_coverageSchema":"1a1c01bbd47fc00a2c39e90264f33305004495a9","hash":"8aea5aed4e7eae18383d1129f82d19872de55c7f"}
,"C:\\Users\\MurrayN\\Documents\\GitHub\\vite\\packages\\vite-mapps-comp-lib\\src\\lib\\button-group\\ButtonGroup.jsx": {"path":"C:\\Users\\MurrayN\\Documents\\GitHub\\vite\\packages\\vite-mapps-comp-lib\\src\\lib\\button-group\\ButtonGroup.jsx","statementMap":{"0":{"start":{"line":4,"column":27},"end":{"line":6,"column":1}},"1":{"start":{"line":5,"column":2},"end":{"line":5,"column":64}},"2":{"start":{"line":8,"column":0},"end":{"line":13,"column":2}},"3":{"start":{"line":15,"column":0},"end":{"line":15,"column":30}}},"fnMap":{"0":{"name":"(anonymous_0)","decl":{"start":{"line":4,"column":27},"end":{"line":4,"column":28}},"loc":{"start":{"line":4,"column":45},"end":{"line":6,"column":1}},"line":4}},"branchMap":{},"s":{"0":1,"1":2,"2":1,"3":1},"f":{"0":2},"b":{},"_coverageSchema":"1a1c01bbd47fc00a2c39e90264f33305004495a9","hash":"42e70590a45c509f5fa05f2b80a3bef4f85de8ec"}
,"C:\\Users\\MurrayN\\Documents\\GitHub\\vite\\packages\\vite-mapps-comp-lib\\src\\lib\\error-message\\ErrorMessage.jsx": {"path":"C:\\Users\\MurrayN\\Documents\\GitHub\\vite\\packages\\vite-mapps-comp-lib\\src\\lib\\error-message\\ErrorMessage.jsx","statementMap":{"0":{"start":{"line":4,"column":28},"end":{"line":12,"column":1}},"1":{"start":{"line":5,"column":2},"end":{"line":11,"column":4}},"2":{"start":{"line":14,"column":0},"end":{"line":17,"column":2}},"3":{"start":{"line":19,"column":0},"end":{"line":19,"column":31}}},"fnMap":{"0":{"name":"(anonymous_0)","decl":{"start":{"line":4,"column":28},"end":{"line":4,"column":29}},"loc":{"start":{"line":4,"column":62},"end":{"line":12,"column":1}},"line":4}},"branchMap":{"0":{"loc":{"start":{"line":7,"column":7},"end":{"line":8,"column":77}},"type":"binary-expr","locations":[{"start":{"line":7,"column":7},"end":{"line":7,"column":25}},{"start":{"line":8,"column":9},"end":{"line":8,"column":77}}],"line":7}},"s":{"0":1,"1":3,"2":1,"3":1},"f":{"0":3},"b":{"0":[3,2]},"_coverageSchema":"1a1c01bbd47fc00a2c39e90264f33305004495a9","hash":"098f95e2c7ab81409ddedbe68b1abaea1f75739b"}
,"C:\\Users\\MurrayN\\Documents\\GitHub\\vite\\packages\\vite-mapps-comp-lib\\src\\lib\\error-summary\\ErrorSummary.jsx": {"path":"C:\\Users\\MurrayN\\Documents\\GitHub\\vite\\packages\\vite-mapps-comp-lib\\src\\lib\\error-summary\\ErrorSummary.jsx","statementMap":{"0":{"start":{"line":4,"column":28},"end":{"line":32,"column":1}},"1":{"start":{"line":5,"column":2},"end":{"line":31,"column":4}},"2":{"start":{"line":20,"column":16},"end":{"line":24,"column":21}},"3":{"start":{"line":34,"column":0},"end":{"line":42,"column":2}},"4":{"start":{"line":44,"column":0},"end":{"line":44,"column":31}}},"fnMap":{"0":{"name":"(anonymous_0)","decl":{"start":{"line":4,"column":28},"end":{"line":4,"column":29}},"loc":{"start":{"line":4,"column":58},"end":{"line":32,"column":1}},"line":4},"1":{"name":"(anonymous_1)","decl":{"start":{"line":19,"column":28},"end":{"line":19,"column":29}},"loc":{"start":{"line":20,"column":16},"end":{"line":24,"column":21}},"line":20}},"branchMap":{"0":{"loc":{"start":{"line":16,"column":10},"end":{"line":27,"column":15}},"type":"binary-expr","locations":[{"start":{"line":16,"column":10},"end":{"line":16,"column":19}},{"start":{"line":17,"column":10},"end":{"line":27,"column":15}}],"line":16}},"s":{"0":1,"1":3,"2":4,"3":1,"4":1},"f":{"0":3,"1":4},"b":{"0":[3,3]},"_coverageSchema":"1a1c01bbd47fc00a2c39e90264f33305004495a9","hash":"38ad3d931792403e43e5bddeafde7f3049fe144b"}
,"C:\\Users\\MurrayN\\Documents\\GitHub\\vite\\packages\\vite-mapps-comp-lib\\src\\lib\\footer\\Footer.jsx": {"path":"C:\\Users\\MurrayN\\Documents\\GitHub\\vite\\packages\\vite-mapps-comp-lib\\src\\lib\\footer\\Footer.jsx","statementMap":{"0":{"start":{"line":4,"column":22},"end":{"line":39,"column":1}},"1":{"start":{"line":5,"column":2},"end":{"line":38,"column":4}},"2":{"start":{"line":22,"column":20},"end":{"line":29,"column":25}},"3":{"start":{"line":41,"column":0},"end":{"line":54,"column":2}},"4":{"start":{"line":56,"column":0},"end":{"line":56,"column":25}}},"fnMap":{"0":{"name":"(anonymous_0)","decl":{"start":{"line":4,"column":22},"end":{"line":4,"column":23}},"loc":{"start":{"line":4,"column":52},"end":{"line":39,"column":1}},"line":4},"1":{"name":"(anonymous_1)","decl":{"start":{"line":21,"column":33},"end":{"line":21,"column":34}},"loc":{"start":{"line":22,"column":20},"end":{"line":29,"column":25}},"line":22}},"branchMap":{"0":{"loc":{"start":{"line":14,"column":12},"end":{"line":33,"column":18}},"type":"binary-expr","locations":[{"start":{"line":14,"column":12},"end":{"line":14,"column":22}},{"start":{"line":15,"column":12},"end":{"line":33,"column":18}}],"line":14},"1":{"loc":{"start":{"line":22,"column":94},"end":{"line":22,"column":122}},"type":"cond-expr","locations":[{"start":{"line":22,"column":108},"end":{"line":22,"column":117}},{"start":{"line":22,"column":120},"end":{"line":22,"column":122}}],"line":22}},"s":{"0":1,"1":3,"2":6,"3":1,"4":1},"f":{"0":3,"1":6},"b":{"0":[3,2],"1":[2,4]},"_coverageSchema":"1a1c01bbd47fc00a2c39e90264f33305004495a9","hash":"d0d629b1157314a088875f407042240079e9862b"}
,"C:\\Users\\MurrayN\\Documents\\GitHub\\vite\\packages\\vite-mapps-comp-lib\\src\\lib\\header\\Header.jsx": {"path":"C:\\Users\\MurrayN\\Documents\\GitHub\\vite\\packages\\vite-mapps-comp-lib\\src\\lib\\header\\Header.jsx","statementMap":{"0":{"start":{"line":4,"column":22},"end":{"line":73,"column":1}},"1":{"start":{"line":14,"column":2},"end":{"line":72,"column":4}},"2":{"start":{"line":57,"column":18},"end":{"line":64,"column":23}},"3":{"start":{"line":75,"column":0},"end":{"line":90,"column":2}},"4":{"start":{"line":92,"column":0},"end":{"line":92,"column":25}}},"fnMap":{"0":{"name":"(anonymous_0)","decl":{"start":{"line":4,"column":22},"end":{"line":4,"column":23}},"loc":{"start":{"line":13,"column":6},"end":{"line":73,"column":1}},"line":13},"1":{"name":"(anonymous_1)","decl":{"start":{"line":56,"column":31},"end":{"line":56,"column":32}},"loc":{"start":{"line":57,"column":18},"end":{"line":64,"column":23}},"line":57}},"branchMap":{"0":{"loc":{"start":{"line":21,"column":12},"end":{"line":30,"column":18}},"type":"binary-expr","locations":[{"start":{"line":21,"column":12},"end":{"line":21,"column":23}},{"start":{"line":22,"column":12},"end":{"line":30,"column":18}}],"line":21},"1":{"loc":{"start":{"line":32,"column":12},"end":{"line":46,"column":18}},"type":"binary-expr","locations":[{"start":{"line":32,"column":12},"end":{"line":32,"column":23}},{"start":{"line":33,"column":12},"end":{"line":46,"column":18}}],"line":32},"2":{"loc":{"start":{"line":49,"column":10},"end":{"line":68,"column":16}},"type":"binary-expr","locations":[{"start":{"line":49,"column":10},"end":{"line":49,"column":20}},{"start":{"line":50,"column":10},"end":{"line":68,"column":16}}],"line":49},"3":{"loc":{"start":{"line":59,"column":68},"end":{"line":59,"column":126}},"type":"cond-expr","locations":[{"start":{"line":59,"column":82},"end":{"line":59,"column":121}},{"start":{"line":59,"column":124},"end":{"line":59,"column":126}}],"line":59}},"s":{"0":1,"1":5,"2":4,"3":1,"4":1},"f":{"0":5,"1":4},"b":{"0":[5,3],"1":[5,2],"2":[5,1],"3":[1,3]},"_coverageSchema":"1a1c01bbd47fc00a2c39e90264f33305004495a9","hash":"bcfc3455bbae9245c8e534046574e3ae92e354b4"}
,"C:\\Users\\MurrayN\\Documents\\GitHub\\vite\\packages\\vite-mapps-comp-lib\\src\\lib\\hint\\Hint.jsx": {"path":"C:\\Users\\MurrayN\\Documents\\GitHub\\vite\\packages\\vite-mapps-comp-lib\\src\\lib\\hint\\Hint.jsx","statementMap":{"0":{"start":{"line":4,"column":20},"end":{"line":10,"column":1}},"1":{"start":{"line":9,"column":2},"end":{"line":9,"column":93}},"2":{"start":{"line":12,"column":0},"end":{"line":16,"column":2}},"3":{"start":{"line":18,"column":0},"end":{"line":18,"column":23}}},"fnMap":{"0":{"name":"(anonymous_0)","decl":{"start":{"line":4,"column":20},"end":{"line":4,"column":21}},"loc":{"start":{"line":8,"column":6},"end":{"line":10,"column":1}},"line":8}},"branchMap":{"0":{"loc":{"start":{"line":9,"column":47},"end":{"line":9,"column":75}},"type":"cond-expr","locations":[{"start":{"line":9,"column":57},"end":{"line":9,"column":70}},{"start":{"line":9,"column":73},"end":{"line":9,"column":75}}],"line":9}},"s":{"0":2,"1":44,"2":2,"3":2},"f":{"0":44},"b":{"0":[40,4]},"_coverageSchema":"1a1c01bbd47fc00a2c39e90264f33305004495a9","hash":"ac0272bb3c01dcbe52c3b9b3ccee2cb4576e1013"}
,"C:\\Users\\MurrayN\\Documents\\GitHub\\vite\\packages\\vite-mapps-comp-lib\\src\\lib\\icons\\arrow\\Arrow.jsx": {"path":"C:\\Users\\MurrayN\\Documents\\GitHub\\vite\\packages\\vite-mapps-comp-lib\\src\\lib\\icons\\arrow\\Arrow.jsx","statementMap":{"0":{"start":{"line":3,"column":21},"end":{"line":9,"column":1}},"1":{"start":{"line":4,"column":2},"end":{"line":8,"column":4}}},"fnMap":{"0":{"name":"(anonymous_0)","decl":{"start":{"line":3,"column":21},"end":{"line":3,"column":22}},"loc":{"start":{"line":3,"column":27},"end":{"line":9,"column":1}},"line":3}},"branchMap":{},"s":{"0":3,"1":1},"f":{"0":1},"b":{},"_coverageSchema":"1a1c01bbd47fc00a2c39e90264f33305004495a9","hash":"6bc086beb5331d6d919079da5614f14d9d900990"}
,"C:\\Users\\MurrayN\\Documents\\GitHub\\vite\\packages\\vite-mapps-comp-lib\\src\\lib\\icons\\minus\\Minus.jsx": {"path":"C:\\Users\\MurrayN\\Documents\\GitHub\\vite\\packages\\vite-mapps-comp-lib\\src\\lib\\icons\\minus\\Minus.jsx","statementMap":{"0":{"start":{"line":3,"column":21},"end":{"line":7,"column":1}},"1":{"start":{"line":4,"column":2},"end":{"line":6,"column":4}}},"fnMap":{"0":{"name":"(anonymous_0)","decl":{"start":{"line":3,"column":21},"end":{"line":3,"column":22}},"loc":{"start":{"line":3,"column":27},"end":{"line":7,"column":1}},"line":3}},"branchMap":{},"s":{"0":3,"1":2},"f":{"0":2},"b":{},"_coverageSchema":"1a1c01bbd47fc00a2c39e90264f33305004495a9","hash":"050b9f3e8d4b89baebbf9bcde73bc28393163be9"}
,"C:\\Users\\MurrayN\\Documents\\GitHub\\vite\\packages\\vite-mapps-comp-lib\\src\\lib\\icons\\plus\\Plus.jsx": {"path":"C:\\Users\\MurrayN\\Documents\\GitHub\\vite\\packages\\vite-mapps-comp-lib\\src\\lib\\icons\\plus\\Plus.jsx","statementMap":{"0":{"start":{"line":3,"column":20},"end":{"line":9,"column":1}},"1":{"start":{"line":4,"column":2},"end":{"line":8,"column":4}}},"fnMap":{"0":{"name":"(anonymous_0)","decl":{"start":{"line":3,"column":20},"end":{"line":3,"column":21}},"loc":{"start":{"line":3,"column":26},"end":{"line":9,"column":1}},"line":3}},"branchMap":{},"s":{"0":3,"1":14},"f":{"0":14},"b":{},"_coverageSchema":"1a1c01bbd47fc00a2c39e90264f33305004495a9","hash":"8ae40d4e263d870dbe057f8f34f46af7a43769b4"}
,"C:\\Users\\MurrayN\\Documents\\GitHub\\vite\\packages\\vite-mapps-comp-lib\\src\\lib\\pagination\\Pagination.jsx": {"path":"C:\\Users\\MurrayN\\Documents\\GitHub\\vite\\packages\\vite-mapps-comp-lib\\src\\lib\\pagination\\Pagination.jsx","statementMap":{"0":{"start":{"line":4,"column":26},"end":{"line":68,"column":1}},"1":{"start":{"line":10,"column":2},"end":{"line":67,"column":4}},"2":{"start":{"line":23,"column":12},"end":{"line":40,"column":17}},"3":{"start":{"line":70,"column":0},"end":{"line":93,"column":2}},"4":{"start":{"line":95,"column":0},"end":{"line":95,"column":29}}},"fnMap":{"0":{"name":"(anonymous_0)","decl":{"start":{"line":4,"column":26},"end":{"line":4,"column":27}},"loc":{"start":{"line":9,"column":6},"end":{"line":68,"column":1}},"line":9},"1":{"name":"(anonymous_1)","decl":{"start":{"line":22,"column":29},"end":{"line":22,"column":30}},"loc":{"start":{"line":23,"column":12},"end":{"line":40,"column":17}},"line":23}},"branchMap":{"0":{"loc":{"start":{"line":14,"column":10},"end":{"line":19,"column":13}},"type":"binary-expr","locations":[{"start":{"line":14,"column":10},"end":{"line":14,"column":18}},{"start":{"line":16,"column":14},"end":{"line":18,"column":19}}],"line":14},"1":{"loc":{"start":{"line":22,"column":10},"end":{"line":41,"column":12}},"type":"binary-expr","locations":[{"start":{"line":22,"column":10},"end":{"line":22,"column":15}},{"start":{"line":22,"column":19},"end":{"line":41,"column":12}}],"line":22},"2":{"loc":{"start":{"line":25,"column":19},"end":{"line":25,"column":62}},"type":"binary-expr","locations":[{"start":{"line":25,"column":19},"end":{"line":25,"column":32}},{"start":{"line":25,"column":36},"end":{"line":25,"column":62}}],"line":25},"3":{"loc":{"start":{"line":26,"column":19},"end":{"line":26,"column":107}},"type":"binary-expr","locations":[{"start":{"line":26,"column":19},"end":{"line":26,"column":29}},{"start":{"line":26,"column":33},"end":{"line":26,"column":46}},{"start":{"line":26,"column":50},"end":{"line":26,"column":107}}],"line":26},"4":{"loc":{"start":{"line":27,"column":48},"end":{"line":27,"column":100}},"type":"cond-expr","locations":[{"start":{"line":27,"column":64},"end":{"line":27,"column":95}},{"start":{"line":27,"column":98},"end":{"line":27,"column":100}}],"line":27},"5":{"loc":{"start":{"line":27,"column":103},"end":{"line":27,"column":149}},"type":"cond-expr","locations":[{"start":{"line":27,"column":115},"end":{"line":27,"column":144}},{"start":{"line":27,"column":147},"end":{"line":27,"column":149}}],"line":27},"6":{"loc":{"start":{"line":29,"column":15},"end":{"line":29,"column":33}},"type":"binary-expr","locations":[{"start":{"line":29,"column":15},"end":{"line":29,"column":24}},{"start":{"line":29,"column":28},"end":{"line":29,"column":33}}],"line":29},"7":{"loc":{"start":{"line":30,"column":15},"end":{"line":30,"column":41}},"type":"binary-expr","locations":[{"start":{"line":30,"column":15},"end":{"line":30,"column":28}},{"start":{"line":30,"column":32},"end":{"line":30,"column":41}}],"line":30},"8":{"loc":{"start":{"line":31,"column":15},"end":{"line":38,"column":18}},"type":"binary-expr","locations":[{"start":{"line":31,"column":15},"end":{"line":31,"column":25}},{"start":{"line":31,"column":29},"end":{"line":31,"column":43}},{"start":{"line":32,"column":16},"end":{"line":38,"column":18}}],"line":31},"9":{"loc":{"start":{"line":44,"column":10},"end":{"line":54,"column":11}},"type":"binary-expr","locations":[{"start":{"line":44,"column":10},"end":{"line":44,"column":14}},{"start":{"line":46,"column":12},"end":{"line":53,"column":17}}],"line":44},"10":{"loc":{"start":{"line":59,"column":8},"end":{"line":64,"column":9}},"type":"binary-expr","locations":[{"start":{"line":59,"column":8},"end":{"line":59,"column":15}},{"start":{"line":61,"column":10},"end":{"line":63,"column":14}}],"line":59}},"s":{"0":1,"1":5,"2":21,"3":1,"4":1},"f":{"0":5,"1":21},"b":{"0":[5,4],"1":[5,4],"2":[21,4],"3":[21,17,4],"4":[4,17],"5":[4,17],"6":[21,4],"7":[21,4],"8":[21,17,13],"9":[5,3],"10":[5,4]},"_coverageSchema":"1a1c01bbd47fc00a2c39e90264f33305004495a9","hash":"cc12ee401af1eafcaf9a77fb1fc6ff91d31f2e4e"}
,"C:\\Users\\MurrayN\\Documents\\GitHub\\vite\\packages\\vite-mapps-comp-lib\\src\\lib\\panel\\Panel.jsx": {"path":"C:\\Users\\MurrayN\\Documents\\GitHub\\vite\\packages\\vite-mapps-comp-lib\\src\\lib\\panel\\Panel.jsx","statementMap":{"0":{"start":{"line":4,"column":21},"end":{"line":11,"column":1}},"1":{"start":{"line":5,"column":2},"end":{"line":10,"column":4}},"2":{"start":{"line":13,"column":0},"end":{"line":19,"column":2}},"3":{"start":{"line":21,"column":0},"end":{"line":21,"column":24}}},"fnMap":{"0":{"name":"(anonymous_0)","decl":{"start":{"line":4,"column":21},"end":{"line":4,"column":22}},"loc":{"start":{"line":4,"column":59},"end":{"line":11,"column":1}},"line":4}},"branchMap":{},"s":{"0":1,"1":2,"2":1,"3":1},"f":{"0":2},"b":{},"_coverageSchema":"1a1c01bbd47fc00a2c39e90264f33305004495a9","hash":"f15eaf72d71299cc31f8e719801db84cebf8b708"}
,"C:\\Users\\MurrayN\\Documents\\GitHub\\vite\\packages\\vite-mapps-comp-lib\\src\\lib\\radios\\Radios.jsx": {"path":"C:\\Users\\MurrayN\\Documents\\GitHub\\vite\\packages\\vite-mapps-comp-lib\\src\\lib\\radios\\Radios.jsx","statementMap":{"0":{"start":{"line":6,"column":22},"end":{"line":94,"column":1}},"1":{"start":{"line":15,"column":46},"end":{"line":15,"column":58}},"2":{"start":{"line":16,"column":24},"end":{"line":18,"column":3}},"3":{"start":{"line":17,"column":4},"end":{"line":17,"column":38}},"4":{"start":{"line":20,"column":2},"end":{"line":93,"column":4}},"5":{"start":{"line":54,"column":22},"end":{"line":84,"column":23}},"6":{"start":{"line":96,"column":0},"end":{"line":130,"column":2}},"7":{"start":{"line":132,"column":0},"end":{"line":132,"column":25}}},"fnMap":{"0":{"name":"(anonymous_0)","decl":{"start":{"line":6,"column":22},"end":{"line":6,"column":23}},"loc":{"start":{"line":14,"column":6},"end":{"line":94,"column":1}},"line":14},"1":{"name":"(anonymous_1)","decl":{"start":{"line":16,"column":24},"end":{"line":16,"column":25}},"loc":{"start":{"line":16,"column":31},"end":{"line":18,"column":3}},"line":16},"2":{"name":"(anonymous_2)","decl":{"start":{"line":53,"column":28},"end":{"line":53,"column":29}},"loc":{"start":{"line":54,"column":22},"end":{"line":84,"column":23}},"line":54}},"branchMap":{"0":{"loc":{"start":{"line":21,"column":39},"end":{"line":21,"column":85}},"type":"cond-expr","locations":[{"start":{"line":21,"column":54},"end":{"line":21,"column":80}},{"start":{"line":21,"column":83},"end":{"line":21,"column":85}}],"line":21},"1":{"loc":{"start":{"line":24,"column":13},"end":{"line":24,"column":64}},"type":"binary-expr","locations":[{"start":{"line":24,"column":13},"end":{"line":24,"column":17}},{"start":{"line":24,"column":21},"end":{"line":24,"column":64}}],"line":24},"2":{"loc":{"start":{"line":26,"column":52},"end":{"line":26,"column":112}},"type":"cond-expr","locations":[{"start":{"line":26,"column":78},"end":{"line":26,"column":107}},{"start":{"line":26,"column":110},"end":{"line":26,"column":112}}],"line":26},"3":{"loc":{"start":{"line":27,"column":12},"end":{"line":37,"column":13}},"type":"cond-expr","locations":[{"start":{"line":29,"column":14},"end":{"line":31,"column":19}},{"start":{"line":34,"column":14},"end":{"line":36,"column":17}}],"line":27},"4":{"loc":{"start":{"line":39,"column":12},"end":{"line":41,"column":13}},"type":"binary-expr","locations":[{"start":{"line":39,"column":12},"end":{"line":39,"column":16}},{"start":{"line":40,"column":14},"end":{"line":40,"column":64}}],"line":39},"5":{"loc":{"start":{"line":44,"column":10},"end":{"line":47,"column":14}},"type":"binary-expr","locations":[{"start":{"line":44,"column":10},"end":{"line":44,"column":22}},{"start":{"line":45,"column":10},"end":{"line":47,"column":14}}],"line":44},"6":{"loc":{"start":{"line":50,"column":12},"end":{"line":88,"column":13}},"type":"binary-expr","locations":[{"start":{"line":50,"column":12},"end":{"line":50,"column":17}},{"start":{"line":51,"column":14},"end":{"line":87,"column":20}}],"line":50},"7":{"loc":{"start":{"line":51,"column":56},"end":{"line":51,"column":84}},"type":"cond-expr","locations":[{"start":{"line":51,"column":66},"end":{"line":51,"column":79}},{"start":{"line":51,"column":82},"end":{"line":51,"column":84}}],"line":51},"8":{"loc":{"start":{"line":54,"column":22},"end":{"line":84,"column":23}},"type":"cond-expr","locations":[{"start":{"line":55,"column":24},"end":{"line":76,"column":32}},{"start":{"line":78,"column":24},"end":{"line":83,"column":30}}],"line":54},"9":{"loc":{"start":{"line":58,"column":28},"end":{"line":60,"column":72}},"type":"cond-expr","locations":[{"start":{"line":59,"column":28},"end":{"line":59,"column":32}},{"start":{"line":60,"column":28},"end":{"line":60,"column":72}}],"line":58},"10":{"loc":{"start":{"line":58,"column":29},"end":{"line":58,"column":73}},"type":"binary-expr","locations":[{"start":{"line":58,"column":29},"end":{"line":58,"column":48}},{"start":{"line":58,"column":52},"end":{"line":58,"column":73}}],"line":58},"11":{"loc":{"start":{"line":60,"column":28},"end":{"line":60,"column":72}},"type":"cond-expr","locations":[{"start":{"line":60,"column":60},"end":{"line":60,"column":64}},{"start":{"line":60,"column":67},"end":{"line":60,"column":72}}],"line":60},"12":{"loc":{"start":{"line":62,"column":39},"end":{"line":62,"column":70}},"type":"cond-expr","locations":[{"start":{"line":62,"column":58},"end":{"line":62,"column":62}},{"start":{"line":62,"column":65},"end":{"line":62,"column":70}}],"line":62},"13":{"loc":{"start":{"line":63,"column":36},"end":{"line":63,"column":64}},"type":"cond-expr","locations":[{"start":{"line":63,"column":52},"end":{"line":63,"column":56}},{"start":{"line":63,"column":59},"end":{"line":63,"column":64}}],"line":63},"14":{"loc":{"start":{"line":65,"column":46},"end":{"line":65,"column":100}},"type":"cond-expr","locations":[{"start":{"line":65,"column":60},"end":{"line":65,"column":85}},{"start":{"line":65,"column":88},"end":{"line":65,"column":100}}],"line":65},"15":{"loc":{"start":{"line":67,"column":35},"end":{"line":67,"column":62}},"type":"binary-expr","locations":[{"start":{"line":67,"column":35},"end":{"line":67,"column":44}},{"start":{"line":67,"column":48},"end":{"line":67,"column":62}}],"line":67},"16":{"loc":{"start":{"line":69,"column":44},"end":{"line":69,"column":78}},"type":"cond-expr","locations":[{"start":{"line":69,"column":58},"end":{"line":69,"column":73}},{"start":{"line":69,"column":76},"end":{"line":69,"column":78}}],"line":69},"17":{"loc":{"start":{"line":75,"column":27},"end":{"line":75,"column":68}},"type":"binary-expr","locations":[{"start":{"line":75,"column":27},"end":{"line":75,"column":43}},{"start":{"line":75,"column":47},"end":{"line":75,"column":68}}],"line":75}},"s":{"0":1,"1":11,"2":11,"3":1,"4":11,"5":39,"6":1,"7":1},"f":{"0":11,"1":1,"2":39},"b":{"0":[1,10],"1":[11,4],"2":[10,1],"3":[10,1],"4":[11,4],"5":[11,1],"6":[11,11],"7":[1,10],"8":[38,1],"9":[3,35],"10":[38,4],"11":[1,34],"12":[6,32],"13":[1,37],"14":[27,11],"15":[38,2],"16":[27,11],"17":[38,6]},"_coverageSchema":"1a1c01bbd47fc00a2c39e90264f33305004495a9","hash":"9d7518d40f3939b08ddcb9c1080e9644f52ec0cd"}
,"C:\\Users\\MurrayN\\Documents\\GitHub\\vite\\packages\\vite-mapps-comp-lib\\src\\lib\\radios\\radio\\Radio.jsx": {"path":"C:\\Users\\MurrayN\\Documents\\GitHub\\vite\\packages\\vite-mapps-comp-lib\\src\\lib\\radios\\radio\\Radio.jsx","statementMap":{"0":{"start":{"line":5,"column":21},"end":{"line":49,"column":1}},"1":{"start":{"line":17,"column":2},"end":{"line":48,"column":4}},"2":{"start":{"line":51,"column":0},"end":{"line":69,"column":2}},"3":{"start":{"line":71,"column":0},"end":{"line":71,"column":24}}},"fnMap":{"0":{"name":"(anonymous_0)","decl":{"start":{"line":5,"column":21},"end":{"line":5,"column":22}},"loc":{"start":{"line":16,"column":6},"end":{"line":49,"column":1}},"line":16}},"branchMap":{"0":{"loc":{"start":{"line":30,"column":15},"end":{"line":30,"column":74}},"type":"binary-expr","locations":[{"start":{"line":30,"column":15},"end":{"line":30,"column":26}},{"start":{"line":30,"column":30},"end":{"line":30,"column":74}}],"line":30},"1":{"loc":{"start":{"line":35,"column":10},"end":{"line":37,"column":9}},"type":"binary-expr","locations":[{"start":{"line":35,"column":10},"end":{"line":35,"column":14}},{"start":{"line":36,"column":10},"end":{"line":36,"column":71}}],"line":35},"2":{"loc":{"start":{"line":39,"column":6},"end":{"line":46,"column":5}},"type":"binary-expr","locations":[{"start":{"line":39,"column":6},"end":{"line":39,"column":17}},{"start":{"line":40,"column":6},"end":{"line":45,"column":12}}],"line":39},"3":{"loc":{"start":{"line":41,"column":47},"end":{"line":41,"column":98}},"type":"cond-expr","locations":[{"start":{"line":41,"column":57},"end":{"line":41,"column":59}},{"start":{"line":41,"column":62},"end":{"line":41,"column":98}}],"line":41},"4":{"loc":{"start":{"line":42,"column":13},"end":{"line":42,"column":72}},"type":"binary-expr","locations":[{"start":{"line":42,"column":13},"end":{"line":42,"column":24}},{"start":{"line":42,"column":28},"end":{"line":42,"column":72}}],"line":42}},"s":{"0":1,"1":38,"2":1,"3":1},"f":{"0":38},"b":{"0":[38,6],"1":[38,38],"2":[38,6],"3":[2,4],"4":[6,6]},"_coverageSchema":"1a1c01bbd47fc00a2c39e90264f33305004495a9","hash":"71662bddeea8bfd51c3dbd47383bef36590fc682"}
,"C:\\Users\\MurrayN\\Documents\\GitHub\\vite\\packages\\vite-mapps-comp-lib\\src\\lib\\side-navigation\\SideNavigation.jsx": {"path":"C:\\Users\\MurrayN\\Documents\\GitHub\\vite\\packages\\vite-mapps-comp-lib\\src\\lib\\side-navigation\\SideNavigation.jsx","statementMap":{"0":{"start":{"line":4,"column":30},"end":{"line":30,"column":1}},"1":{"start":{"line":8,"column":2},"end":{"line":29,"column":4}},"2":{"start":{"line":16,"column":16},"end":{"line":21,"column":21}},"3":{"start":{"line":32,"column":0},"end":{"line":41,"column":2}},"4":{"start":{"line":43,"column":0},"end":{"line":43,"column":33}}},"fnMap":{"0":{"name":"(anonymous_0)","decl":{"start":{"line":4,"column":30},"end":{"line":4,"column":31}},"loc":{"start":{"line":7,"column":6},"end":{"line":30,"column":1}},"line":7},"1":{"name":"(anonymous_1)","decl":{"start":{"line":15,"column":24},"end":{"line":15,"column":25}},"loc":{"start":{"line":16,"column":16},"end":{"line":21,"column":21}},"line":16}},"branchMap":{"0":{"loc":{"start":{"line":9,"column":46},"end":{"line":9,"column":78}},"type":"binary-expr","locations":[{"start":{"line":9,"column":46},"end":{"line":9,"column":51}},{"start":{"line":9,"column":55},"end":{"line":9,"column":78}}],"line":9},"1":{"loc":{"start":{"line":11,"column":8},"end":{"line":26,"column":9}},"type":"binary-expr","locations":[{"start":{"line":11,"column":8},"end":{"line":11,"column":13}},{"start":{"line":13,"column":10},"end":{"line":25,"column":15}}],"line":11},"2":{"loc":{"start":{"line":18,"column":57},"end":{"line":18,"column":112}},"type":"cond-expr","locations":[{"start":{"line":18,"column":71},"end":{"line":18,"column":107}},{"start":{"line":18,"column":110},"end":{"line":18,"column":112}}],"line":18},"3":{"loc":{"start":{"line":20,"column":43},"end":{"line":20,"column":88}},"type":"binary-expr","locations":[{"start":{"line":20,"column":43},"end":{"line":20,"column":54}},{"start":{"line":20,"column":58},"end":{"line":20,"column":88}}],"line":20}},"s":{"0":1,"1":2,"2":6,"3":1,"4":1},"f":{"0":2,"1":6},"b":{"0":[2,2],"1":[2,2],"2":[2,4],"3":[6,2]},"_coverageSchema":"1a1c01bbd47fc00a2c39e90264f33305004495a9","hash":"703aa05dbf8948e8022275042c0462500342070b"}
,"C:\\Users\\MurrayN\\Documents\\GitHub\\vite\\packages\\vite-mapps-comp-lib\\src\\lib\\sortable-table\\SortableTable.jsx": {"path":"C:\\Users\\MurrayN\\Documents\\GitHub\\vite\\packages\\vite-mapps-comp-lib\\src\\lib\\sortable-table\\SortableTable.jsx","statementMap":{"0":{"start":{"line":4,"column":29},"end":{"line":91,"column":1}},"1":{"start":{"line":6,"column":52},"end":{"line":6,"column":64}},"2":{"start":{"line":8,"column":2},"end":{"line":10,"column":9}},"3":{"start":{"line":9,"column":4},"end":{"line":9,"column":52}},"4":{"start":{"line":12,"column":21},"end":{"line":17,"column":3}},"5":{"start":{"line":13,"column":4},"end":{"line":15,"column":5}},"6":{"start":{"line":14,"column":6},"end":{"line":14,"column":168}},"7":{"start":{"line":14,"column":52},"end":{"line":14,"column":165}},"8":{"start":{"line":16,"column":4},"end":{"line":16,"column":105}},"9":{"start":{"line":16,"column":50},"end":{"line":16,"column":102}},"10":{"start":{"line":19,"column":24},"end":{"line":41,"column":3}},"11":{"start":{"line":20,"column":4},"end":{"line":40,"column":8}},"12":{"start":{"line":20,"column":47},"end":{"line":40,"column":5}},"13":{"start":{"line":23,"column":21},"end":{"line":23,"column":44}},"14":{"start":{"line":24,"column":10},"end":{"line":34,"column":11}},"15":{"start":{"line":25,"column":12},"end":{"line":31,"column":13}},"16":{"start":{"line":26,"column":14},"end":{"line":26,"column":57}},"17":{"start":{"line":27,"column":19},"end":{"line":31,"column":13}},"18":{"start":{"line":28,"column":14},"end":{"line":28,"column":58}},"19":{"start":{"line":30,"column":14},"end":{"line":30,"column":57}},"20":{"start":{"line":33,"column":12},"end":{"line":33,"column":50}},"21":{"start":{"line":35,"column":10},"end":{"line":35,"column":22}},"22":{"start":{"line":43,"column":2},"end":{"line":90,"column":4}},"23":{"start":{"line":49,"column":14},"end":{"line":68,"column":19}},"24":{"start":{"line":58,"column":20},"end":{"line":62,"column":24}},"25":{"start":{"line":76,"column":12},"end":{"line":85,"column":17}},"26":{"start":{"line":78,"column":16},"end":{"line":83,"column":21}},"27":{"start":{"line":93,"column":0},"end":{"line":113,"column":2}}},"fnMap":{"0":{"name":"(anonymous_0)","decl":{"start":{"line":4,"column":29},"end":{"line":4,"column":30}},"loc":{"start":{"line":4,"column":49},"end":{"line":91,"column":1}},"line":4},"1":{"name":"(anonymous_1)","decl":{"start":{"line":8,"column":12},"end":{"line":8,"column":13}},"loc":{"start":{"line":8,"column":18},"end":{"line":10,"column":3}},"line":8},"2":{"name":"(anonymous_2)","decl":{"start":{"line":12,"column":21},"end":{"line":12,"column":22}},"loc":{"start":{"line":12,"column":70},"end":{"line":17,"column":3}},"line":12},"3":{"name":"(anonymous_3)","decl":{"start":{"line":14,"column":41},"end":{"line":14,"column":42}},"loc":{"start":{"line":14,"column":52},"end":{"line":14,"column":165}},"line":14},"4":{"name":"(anonymous_4)","decl":{"start":{"line":16,"column":39},"end":{"line":16,"column":40}},"loc":{"start":{"line":16,"column":50},"end":{"line":16,"column":102}},"line":16},"5":{"name":"(anonymous_5)","decl":{"start":{"line":19,"column":24},"end":{"line":19,"column":25}},"loc":{"start":{"line":19,"column":67},"end":{"line":41,"column":3}},"line":19},"6":{"name":"(anonymous_6)","decl":{"start":{"line":20,"column":25},"end":{"line":20,"column":26}},"loc":{"start":{"line":20,"column":47},"end":{"line":40,"column":5}},"line":20},"7":{"name":"(anonymous_7)","decl":{"start":{"line":22,"column":41},"end":{"line":22,"column":42}},"loc":{"start":{"line":22,"column":58},"end":{"line":36,"column":9}},"line":22},"8":{"name":"(anonymous_8)","decl":{"start":{"line":48,"column":40},"end":{"line":48,"column":41}},"loc":{"start":{"line":49,"column":14},"end":{"line":68,"column":19}},"line":49},"9":{"name":"(anonymous_9)","decl":{"start":{"line":57,"column":27},"end":{"line":57,"column":28}},"loc":{"start":{"line":57,"column":33},"end":{"line":63,"column":19}},"line":57},"10":{"name":"(anonymous_10)","decl":{"start":{"line":75,"column":38},"end":{"line":75,"column":39}},"loc":{"start":{"line":76,"column":12},"end":{"line":85,"column":17}},"line":76},"11":{"name":"(anonymous_11)","decl":{"start":{"line":77,"column":23},"end":{"line":77,"column":24}},"loc":{"start":{"line":78,"column":16},"end":{"line":83,"column":21}},"line":78}},"branchMap":{"0":{"loc":{"start":{"line":13,"column":4},"end":{"line":15,"column":5}},"type":"if","locations":[{"start":{"line":13,"column":4},"end":{"line":15,"column":5}},{"start":{},"end":{}}],"line":13},"1":{"loc":{"start":{"line":16,"column":50},"end":{"line":16,"column":102}},"type":"cond-expr","locations":[{"start":{"line":16,"column":96},"end":{"line":16,"column":98}},{"start":{"line":16,"column":101},"end":{"line":16,"column":102}}],"line":16},"2":{"loc":{"start":{"line":24,"column":10},"end":{"line":34,"column":11}},"type":"if","locations":[{"start":{"line":24,"column":10},"end":{"line":34,"column":11}},{"start":{"line":32,"column":17},"end":{"line":34,"column":11}}],"line":24},"3":{"loc":{"start":{"line":25,"column":12},"end":{"line":31,"column":13}},"type":"if","locations":[{"start":{"line":25,"column":12},"end":{"line":31,"column":13}},{"start":{"line":27,"column":19},"end":{"line":31,"column":13}}],"line":25},"4":{"loc":{"start":{"line":27,"column":19},"end":{"line":31,"column":13}},"type":"if","locations":[{"start":{"line":27,"column":19},"end":{"line":31,"column":13}},{"start":{"line":29,"column":19},"end":{"line":31,"column":13}}],"line":27},"5":{"loc":{"start":{"line":37,"column":14},"end":{"line":39,"column":79}},"type":"cond-expr","locations":[{"start":{"line":38,"column":13},"end":{"line":38,"column":68}},{"start":{"line":39,"column":12},"end":{"line":39,"column":79}}],"line":37},"6":{"loc":{"start":{"line":44,"column":48},"end":{"line":44,"column":123}},"type":"binary-expr","locations":[{"start":{"line":44,"column":48},"end":{"line":44,"column":76}},{"start":{"line":44,"column":80},"end":{"line":44,"column":123}}],"line":44},"7":{"loc":{"start":{"line":45,"column":8},"end":{"line":72,"column":7}},"type":"binary-expr","locations":[{"start":{"line":45,"column":8},"end":{"line":45,"column":30}},{"start":{"line":46,"column":8},"end":{"line":71,"column":16}}],"line":45},"8":{"loc":{"start":{"line":51,"column":49},"end":{"line":51,"column":113}},"type":"cond-expr","locations":[{"start":{"line":51,"column":77},"end":{"line":51,"column":108}},{"start":{"line":51,"column":111},"end":{"line":51,"column":113}}],"line":51},"9":{"loc":{"start":{"line":60,"column":25},"end":{"line":60,"column":71}},"type":"cond-expr","locations":[{"start":{"line":60,"column":53},"end":{"line":60,"column":62}},{"start":{"line":60,"column":65},"end":{"line":60,"column":71}}],"line":60},"10":{"loc":{"start":{"line":61,"column":25},"end":{"line":61,"column":84}},"type":"cond-expr","locations":[{"start":{"line":61,"column":72},"end":{"line":61,"column":77}},{"start":{"line":61,"column":80},"end":{"line":61,"column":84}}],"line":61},"11":{"loc":{"start":{"line":73,"column":7},"end":{"line":88,"column":7}},"type":"binary-expr","locations":[{"start":{"line":73,"column":7},"end":{"line":73,"column":29}},{"start":{"line":74,"column":8},"end":{"line":87,"column":16}}],"line":73},"12":{"loc":{"start":{"line":79,"column":76},"end":{"line":79,"column":138}},"type":"cond-expr","locations":[{"start":{"line":79,"column":104},"end":{"line":79,"column":133}},{"start":{"line":79,"column":136},"end":{"line":79,"column":138}}],"line":79},"13":{"loc":{"start":{"line":80,"column":35},"end":{"line":80,"column":88}},"type":"binary-expr","locations":[{"start":{"line":80,"column":35},"end":{"line":80,"column":50}},{"start":{"line":80,"column":54},"end":{"line":80,"column":88}}],"line":80}},"s":{"0":1,"1":12,"2":12,"3":3,"4":12,"5":6,"6":3,"7":55,"8":3,"9":26,"10":12,"11":6,"12":6,"13":27,"14":27,"15":6,"16":3,"17":3,"18":2,"19":1,"20":21,"21":27,"22":12,"23":40,"24":6,"25":75,"26":340,"27":1},"f":{"0":12,"1":3,"2":6,"3":55,"4":26,"5":6,"6":6,"7":27,"8":40,"9":6,"10":75,"11":340},"b":{"0":[3,3],"1":[15,11],"2":[6,21],"3":[3,3],"4":[2,1],"5":[4,2],"6":[12,0],"7":[12,9],"8":[13,27],"9":[3,3],"10":[2,4],"11":[12,9],"12":[115,225],"13":[340,150]},"_coverageSchema":"1a1c01bbd47fc00a2c39e90264f33305004495a9","hash":"e70937a408129af30ade4afaf832d6b5d5eaeff2"}
,"C:\\Users\\MurrayN\\Documents\\GitHub\\vite\\packages\\vite-mapps-comp-lib\\src\\lib\\sub-navigation\\SubNavigation.jsx": {"path":"C:\\Users\\MurrayN\\Documents\\GitHub\\vite\\packages\\vite-mapps-comp-lib\\src\\lib\\sub-navigation\\SubNavigation.jsx","statementMap":{"0":{"start":{"line":4,"column":29},"end":{"line":36,"column":1}},"1":{"start":{"line":8,"column":2},"end":{"line":35,"column":4}},"2":{"start":{"line":16,"column":16},"end":{"line":27,"column":21}},"3":{"start":{"line":38,"column":0},"end":{"line":47,"column":2}},"4":{"start":{"line":49,"column":0},"end":{"line":49,"column":32}}},"fnMap":{"0":{"name":"(anonymous_0)","decl":{"start":{"line":4,"column":29},"end":{"line":4,"column":30}},"loc":{"start":{"line":7,"column":6},"end":{"line":36,"column":1}},"line":7},"1":{"name":"(anonymous_1)","decl":{"start":{"line":15,"column":24},"end":{"line":15,"column":25}},"loc":{"start":{"line":16,"column":16},"end":{"line":27,"column":21}},"line":16}},"branchMap":{"0":{"loc":{"start":{"line":9,"column":45},"end":{"line":9,"column":77}},"type":"binary-expr","locations":[{"start":{"line":9,"column":45},"end":{"line":9,"column":50}},{"start":{"line":9,"column":54},"end":{"line":9,"column":77}}],"line":9},"1":{"loc":{"start":{"line":11,"column":8},"end":{"line":32,"column":9}},"type":"binary-expr","locations":[{"start":{"line":11,"column":8},"end":{"line":11,"column":13}},{"start":{"line":13,"column":10},"end":{"line":31,"column":15}}],"line":11},"2":{"loc":{"start":{"line":18,"column":56},"end":{"line":18,"column":110}},"type":"cond-expr","locations":[{"start":{"line":18,"column":70},"end":{"line":18,"column":105}},{"start":{"line":18,"column":108},"end":{"line":18,"column":110}}],"line":18},"3":{"loc":{"start":{"line":23,"column":25},"end":{"line":23,"column":66}},"type":"binary-expr","locations":[{"start":{"line":23,"column":25},"end":{"line":23,"column":36}},{"start":{"line":23,"column":40},"end":{"line":23,"column":66}}],"line":23}},"s":{"0":1,"1":2,"2":6,"3":1,"4":1},"f":{"0":2,"1":6},"b":{"0":[2,2],"1":[2,2],"2":[2,4],"3":[6,2]},"_coverageSchema":"1a1c01bbd47fc00a2c39e90264f33305004495a9","hash":"ab036252ebb18794f2ee517af04778f06949b8cd"}
,"C:\\Users\\MurrayN\\Documents\\GitHub\\vite\\packages\\vite-mapps-comp-lib\\src\\lib\\table\\Table.jsx": {"path":"C:\\Users\\MurrayN\\Documents\\GitHub\\vite\\packages\\vite-mapps-comp-lib\\src\\lib\\table\\Table.jsx","statementMap":{"0":{"start":{"line":4,"column":21},"end":{"line":72,"column":1}},"1":{"start":{"line":12,"column":2},"end":{"line":71,"column":4}},"2":{"start":{"line":25,"column":14},"end":{"line":34,"column":19}},"3":{"start":{"line":42,"column":12},"end":{"line":66,"column":17}},"4":{"start":{"line":44,"column":16},"end":{"line":64,"column":33}},"5":{"start":{"line":74,"column":0},"end":{"line":92,"column":2}}},"fnMap":{"0":{"name":"(anonymous_0)","decl":{"start":{"line":4,"column":21},"end":{"line":4,"column":22}},"loc":{"start":{"line":10,"column":6},"end":{"line":72,"column":1}},"line":10},"1":{"name":"(anonymous_1)","decl":{"start":{"line":24,"column":22},"end":{"line":24,"column":23}},"loc":{"start":{"line":25,"column":14},"end":{"line":34,"column":19}},"line":25},"2":{"name":"(anonymous_2)","decl":{"start":{"line":41,"column":20},"end":{"line":41,"column":21}},"loc":{"start":{"line":42,"column":12},"end":{"line":66,"column":17}},"line":42},"3":{"name":"(anonymous_3)","decl":{"start":{"line":43,"column":23},"end":{"line":43,"column":24}},"loc":{"start":{"line":44,"column":16},"end":{"line":64,"column":33}},"line":44}},"branchMap":{"0":{"loc":{"start":{"line":14,"column":8},"end":{"line":19,"column":18}},"type":"binary-expr","locations":[{"start":{"line":14,"column":8},"end":{"line":14,"column":15}},{"start":{"line":15,"column":8},"end":{"line":19,"column":18}}],"line":14},"1":{"loc":{"start":{"line":16,"column":44},"end":{"line":16,"column":82}},"type":"binary-expr","locations":[{"start":{"line":16,"column":44},"end":{"line":16,"column":58}},{"start":{"line":16,"column":62},"end":{"line":16,"column":82}}],"line":16},"2":{"loc":{"start":{"line":21,"column":8},"end":{"line":38,"column":7}},"type":"binary-expr","locations":[{"start":{"line":21,"column":8},"end":{"line":21,"column":12}},{"start":{"line":22,"column":8},"end":{"line":37,"column":16}}],"line":21},"3":{"loc":{"start":{"line":27,"column":42},"end":{"line":28,"column":57}},"type":"cond-expr","locations":[{"start":{"line":28,"column":21},"end":{"line":28,"column":52}},{"start":{"line":28,"column":55},"end":{"line":28,"column":57}}],"line":27},"4":{"loc":{"start":{"line":28,"column":60},"end":{"line":28,"column":100}},"type":"cond-expr","locations":[{"start":{"line":28,"column":76},"end":{"line":28,"column":94}},{"start":{"line":28,"column":98},"end":{"line":28,"column":100}}],"line":28},"5":{"loc":{"start":{"line":39,"column":7},"end":{"line":69,"column":7}},"type":"binary-expr","locations":[{"start":{"line":39,"column":7},"end":{"line":39,"column":11}},{"start":{"line":40,"column":8},"end":{"line":68,"column":16}}],"line":39},"6":{"loc":{"start":{"line":46,"column":20},"end":{"line":53,"column":27}},"type":"binary-expr","locations":[{"start":{"line":46,"column":20},"end":{"line":46,"column":30}},{"start":{"line":46,"column":34},"end":{"line":46,"column":51}},{"start":{"line":47,"column":22},"end":{"line":53,"column":27}}],"line":46},"7":{"loc":{"start":{"line":56,"column":20},"end":{"line":62,"column":27}},"type":"binary-expr","locations":[{"start":{"line":56,"column":21},"end":{"line":56,"column":31}},{"start":{"line":56,"column":35},"end":{"line":56,"column":53}},{"start":{"line":57,"column":22},"end":{"line":62,"column":27}}],"line":56},"8":{"loc":{"start":{"line":59,"column":55},"end":{"line":59,"column":117}},"type":"cond-expr","locations":[{"start":{"line":59,"column":83},"end":{"line":59,"column":112}},{"start":{"line":59,"column":115},"end":{"line":59,"column":117}}],"line":59}},"s":{"0":1,"1":7,"2":16,"3":21,"4":48,"5":1},"f":{"0":7,"1":16,"2":21,"3":48},"b":{"0":[7,4],"1":[4,4],"2":[7,7],"3":[2,14],"4":[3,13],"5":[7,7],"6":[48,21,18],"7":[48,21,30],"8":[6,24]},"_coverageSchema":"1a1c01bbd47fc00a2c39e90264f33305004495a9","hash":"ace4df95612bee09dd114074fd51b265382c63a4"}
}
