TN:
SF:src\App.jsx
FN:5,App
FN:14,(anonymous_1)
FN:14,(anonymous_2)
FNF:3
FNH:0
FNDA:0,App
FNDA:0,(anonymous_1)
FNDA:0,(anonymous_2)
DA:6,0
DA:8,0
DA:14,0
LF:3
LH:0
BRF:0
BRH:0
end_of_record
TN:
SF:src\main.jsx
FNF:0
FNH:0
DA:6,0
LF:1
LH:0
BRF:0
BRH:0
end_of_record
TN:
SF:src\lib\accordion\Accordion.jsx
FN:5,(anonymous_0)
FN:12,(anonymous_1)
FN:15,(anonymous_2)
FN:17,(anonymous_3)
FN:24,(anonymous_4)
FN:29,(anonymous_5)
FN:55,(anonymous_6)
FN:68,(anonymous_7)
FNF:8
FNH:8
FNDA:14,(anonymous_0)
FNDA:56,(anonymous_1)
FNDA:4,(anonymous_2)
FNDA:2,(anonymous_3)
FNDA:2,(anonymous_4)
FNDA:4,(anonymous_5)
FNDA:56,(anonymous_6)
FNDA:4,(anonymous_7)
DA:5,1
DA:11,14
DA:12,56
DA:14,14
DA:15,14
DA:16,4
DA:17,2
DA:18,2
DA:20,2
DA:24,14
DA:25,2
DA:26,1
DA:28,1
DA:29,4
DA:30,1
DA:34,14
DA:56,56
DA:57,56
DA:68,4
DA:134,1
DA:149,1
LF:21
LH:21
BRDA:12,0,0,56
BRDA:12,0,1,2
BRDA:16,1,0,2
BRDA:16,1,1,2
BRDA:25,2,0,1
BRDA:25,2,1,1
BRDA:40,3,0,14
BRDA:40,3,1,10
BRDA:43,4,0,1
BRDA:43,4,1,9
BRDA:49,5,0,1
BRDA:49,5,1,9
BRDA:54,6,0,14
BRDA:54,6,1,14
BRDA:59,7,0,8
BRDA:59,7,1,48
BRDA:66,8,0,8
BRDA:66,8,1,48
BRDA:72,9,0,56
BRDA:72,9,1,16
BRDA:76,10,0,14
BRDA:76,10,1,2
BRDA:91,11,0,56
BRDA:91,11,1,8
BRDA:102,12,0,56
BRDA:102,12,1,40
BRDA:108,13,0,6
BRDA:108,13,1,34
BRDA:110,14,0,34
BRDA:110,14,1,6
BRF:30
BRH:30
end_of_record
TN:
SF:src\lib\alert\Alert.jsx
FN:4,(anonymous_0)
FNF:1
FNH:1
FNDA:4,(anonymous_0)
DA:4,1
DA:5,4
DA:20,1
DA:30,1
LF:4
LH:4
BRDA:7,0,0,2
BRDA:7,0,1,2
BRDA:7,1,0,1
BRDA:7,1,1,1
BRF:4
BRH:4
end_of_record
TN:
SF:src\lib\back-link\BackLink.jsx
FN:4,(anonymous_0)
FNF:1
FNH:1
FNDA:2,(anonymous_0)
DA:4,1
DA:5,2
DA:15,1
DA:20,1
LF:4
LH:4
BRF:0
BRH:0
end_of_record
TN:
SF:src\lib\breadcrumbs\Breadcrumbs.jsx
FN:4,(anonymous_0)
FN:12,(anonymous_1)
FNF:2
FNH:2
FNDA:3,(anonymous_0)
FNDA:11,(anonymous_1)
DA:4,1
DA:5,3
DA:13,11
DA:34,1
DA:44,1
LF:5
LH:5
BRDA:6,0,0,1
BRDA:6,0,1,2
BRDA:8,1,0,3
BRDA:8,1,1,3
BRF:4
BRH:4
end_of_record
TN:
SF:src\lib\button\Button.jsx
FN:8,(anonymous_0)
FN:21,(anonymous_1)
FN:25,(anonymous_2)
FN:29,(anonymous_3)
FN:34,(anonymous_4)
FN:51,(anonymous_5)
FN:51,(anonymous_6)
FN:56,(anonymous_7)
FN:57,(anonymous_8)
FNF:9
FNH:8
FNDA:22,(anonymous_0)
FNDA:22,(anonymous_1)
FNDA:22,(anonymous_2)
FNDA:22,(anonymous_3)
FNDA:22,(anonymous_4)
FNDA:22,(anonymous_5)
FNDA:0,(anonymous_6)
FNDA:22,(anonymous_7)
FNDA:22,(anonymous_8)
DA:6,2
DA:8,2
DA:9,22
DA:11,1
DA:13,3
DA:15,1
DA:17,17
DA:21,2
DA:22,22
DA:25,2
DA:26,22
DA:29,2
DA:30,22
DA:34,2
DA:48,22
DA:50,22
DA:51,22
DA:56,22
DA:57,22
DA:58,22
DA:62,22
DA:80,2
DA:97,2
LF:23
LH:23
BRDA:9,0,0,1
BRDA:9,0,1,3
BRDA:9,0,2,1
BRDA:9,0,3,17
BRDA:22,1,0,1
BRDA:22,1,1,21
BRDA:26,2,0,1
BRDA:26,2,1,21
BRDA:48,3,0,2
BRDA:48,3,1,20
BRDA:48,4,0,22
BRDA:48,4,1,21
BRDA:51,5,0,3
BRDA:51,5,1,19
BRDA:64,6,0,1
BRDA:64,6,1,21
BRDA:65,7,0,1
BRDA:65,7,1,21
BRDA:68,8,0,3
BRDA:68,8,1,19
BRDA:69,9,0,1
BRDA:69,9,1,21
BRDA:70,10,0,3
BRDA:70,10,1,19
BRDA:70,11,0,2
BRDA:70,11,1,1
BRDA:73,12,0,22
BRDA:73,12,1,1
BRF:28
BRH:28
end_of_record
TN:
SF:src\lib\button-group\ButtonGroup.jsx
FN:4,(anonymous_0)
FNF:1
FNH:1
FNDA:2,(anonymous_0)
DA:4,1
DA:5,2
DA:8,1
DA:15,1
LF:4
LH:4
BRF:0
BRH:0
end_of_record
TN:
SF:src\lib\error-message\ErrorMessage.jsx
FN:4,(anonymous_0)
FNF:1
FNH:1
FNDA:3,(anonymous_0)
DA:4,1
DA:5,3
DA:14,1
DA:19,1
LF:4
LH:4
BRDA:7,0,0,3
BRDA:7,0,1,2
BRF:2
BRH:2
end_of_record
TN:
SF:src\lib\error-summary\ErrorSummary.jsx
FN:4,(anonymous_0)
FN:19,(anonymous_1)
FNF:2
FNH:2
FNDA:3,(anonymous_0)
FNDA:4,(anonymous_1)
DA:4,1
DA:5,3
DA:20,4
DA:34,1
DA:44,1
LF:5
LH:5
BRDA:16,0,0,3
BRDA:16,0,1,3
BRF:2
BRH:2
end_of_record
TN:
SF:src\lib\footer\Footer.jsx
FN:4,(anonymous_0)
FN:21,(anonymous_1)
FNF:2
FNH:2
FNDA:3,(anonymous_0)
FNDA:6,(anonymous_1)
DA:4,1
DA:5,3
DA:22,6
DA:41,1
DA:56,1
LF:5
LH:5
BRDA:14,0,0,3
BRDA:14,0,1,2
BRDA:22,1,0,2
BRDA:22,1,1,4
BRF:4
BRH:4
end_of_record
TN:
SF:src\lib\header\Header.jsx
FN:4,(anonymous_0)
FN:56,(anonymous_1)
FNF:2
FNH:2
FNDA:5,(anonymous_0)
FNDA:4,(anonymous_1)
DA:4,1
DA:14,5
DA:57,4
DA:75,1
DA:92,1
LF:5
LH:5
BRDA:21,0,0,5
BRDA:21,0,1,3
BRDA:32,1,0,5
BRDA:32,1,1,2
BRDA:49,2,0,5
BRDA:49,2,1,1
BRDA:59,3,0,1
BRDA:59,3,1,3
BRF:8
BRH:8
end_of_record
TN:
SF:src\lib\hint\Hint.jsx
FN:4,(anonymous_0)
FNF:1
FNH:1
FNDA:44,(anonymous_0)
DA:4,2
DA:9,44
DA:12,2
DA:18,2
LF:4
LH:4
BRDA:9,0,0,40
BRDA:9,0,1,4
BRF:2
BRH:2
end_of_record
TN:
SF:src\lib\icons\arrow\Arrow.jsx
FN:3,(anonymous_0)
FNF:1
FNH:1
FNDA:1,(anonymous_0)
DA:3,3
DA:4,1
LF:2
LH:2
BRF:0
BRH:0
end_of_record
TN:
SF:src\lib\icons\minus\Minus.jsx
FN:3,(anonymous_0)
FNF:1
FNH:1
FNDA:2,(anonymous_0)
DA:3,3
DA:4,2
LF:2
LH:2
BRF:0
BRH:0
end_of_record
TN:
SF:src\lib\icons\plus\Plus.jsx
FN:3,(anonymous_0)
FNF:1
FNH:1
FNDA:14,(anonymous_0)
DA:3,3
DA:4,14
LF:2
LH:2
BRF:0
BRH:0
end_of_record
TN:
SF:src\lib\pagination\Pagination.jsx
FN:4,(anonymous_0)
FN:22,(anonymous_1)
FNF:2
FNH:2
FNDA:5,(anonymous_0)
FNDA:21,(anonymous_1)
DA:4,1
DA:10,5
DA:23,21
DA:70,1
DA:95,1
LF:5
LH:5
BRDA:14,0,0,5
BRDA:14,0,1,4
BRDA:22,1,0,5
BRDA:22,1,1,4
BRDA:25,2,0,21
BRDA:25,2,1,4
BRDA:26,3,0,21
BRDA:26,3,1,17
BRDA:26,3,2,4
BRDA:27,4,0,4
BRDA:27,4,1,17
BRDA:27,5,0,4
BRDA:27,5,1,17
BRDA:29,6,0,21
BRDA:29,6,1,4
BRDA:30,7,0,21
BRDA:30,7,1,4
BRDA:31,8,0,21
BRDA:31,8,1,17
BRDA:31,8,2,13
BRDA:44,9,0,5
BRDA:44,9,1,3
BRDA:59,10,0,5
BRDA:59,10,1,4
BRF:24
BRH:24
end_of_record
TN:
SF:src\lib\panel\Panel.jsx
FN:4,(anonymous_0)
FNF:1
FNH:1
FNDA:2,(anonymous_0)
DA:4,1
DA:5,2
DA:13,1
DA:21,1
LF:4
LH:4
BRF:0
BRH:0
end_of_record
TN:
SF:src\lib\radios\Radios.jsx
FN:6,(anonymous_0)
FN:16,(anonymous_1)
FN:53,(anonymous_2)
FNF:3
FNH:3
FNDA:11,(anonymous_0)
FNDA:1,(anonymous_1)
FNDA:39,(anonymous_2)
DA:6,1
DA:15,11
DA:16,11
DA:17,1
DA:20,11
DA:54,39
DA:96,1
DA:132,1
LF:8
LH:8
BRDA:21,0,0,1
BRDA:21,0,1,10
BRDA:24,1,0,11
BRDA:24,1,1,4
BRDA:26,2,0,10
BRDA:26,2,1,1
BRDA:27,3,0,10
BRDA:27,3,1,1
BRDA:39,4,0,11
BRDA:39,4,1,4
BRDA:44,5,0,11
BRDA:44,5,1,1
BRDA:50,6,0,11
BRDA:50,6,1,11
BRDA:51,7,0,1
BRDA:51,7,1,10
BRDA:54,8,0,38
BRDA:54,8,1,1
BRDA:58,9,0,3
BRDA:58,9,1,35
BRDA:58,10,0,38
BRDA:58,10,1,4
BRDA:60,11,0,1
BRDA:60,11,1,34
BRDA:62,12,0,6
BRDA:62,12,1,32
BRDA:63,13,0,1
BRDA:63,13,1,37
BRDA:65,14,0,27
BRDA:65,14,1,11
BRDA:67,15,0,38
BRDA:67,15,1,2
BRDA:69,16,0,27
BRDA:69,16,1,11
BRDA:75,17,0,38
BRDA:75,17,1,6
BRF:36
BRH:36
end_of_record
TN:
SF:src\lib\radios\radio\Radio.jsx
FN:5,(anonymous_0)
FNF:1
FNH:1
FNDA:38,(anonymous_0)
DA:5,1
DA:17,38
DA:51,1
DA:71,1
LF:4
LH:4
BRDA:30,0,0,38
BRDA:30,0,1,6
BRDA:35,1,0,38
BRDA:35,1,1,38
BRDA:39,2,0,38
BRDA:39,2,1,6
BRDA:41,3,0,2
BRDA:41,3,1,4
BRDA:42,4,0,6
BRDA:42,4,1,6
BRF:10
BRH:10
end_of_record
TN:
SF:src\lib\side-navigation\SideNavigation.jsx
FN:4,(anonymous_0)
FN:15,(anonymous_1)
FNF:2
FNH:2
FNDA:2,(anonymous_0)
FNDA:6,(anonymous_1)
DA:4,1
DA:8,2
DA:16,6
DA:32,1
DA:43,1
LF:5
LH:5
BRDA:9,0,0,2
BRDA:9,0,1,2
BRDA:11,1,0,2
BRDA:11,1,1,2
BRDA:18,2,0,2
BRDA:18,2,1,4
BRDA:20,3,0,6
BRDA:20,3,1,2
BRF:8
BRH:8
end_of_record
TN:
SF:src\lib\sortable-table\SortableTable.jsx
FN:4,(anonymous_0)
FN:8,(anonymous_1)
FN:12,(anonymous_2)
FN:14,(anonymous_3)
FN:16,(anonymous_4)
FN:19,(anonymous_5)
FN:20,(anonymous_6)
FN:22,(anonymous_7)
FN:48,(anonymous_8)
FN:57,(anonymous_9)
FN:75,(anonymous_10)
FN:77,(anonymous_11)
FNF:12
FNH:12
FNDA:12,(anonymous_0)
FNDA:3,(anonymous_1)
FNDA:6,(anonymous_2)
FNDA:55,(anonymous_3)
FNDA:26,(anonymous_4)
FNDA:6,(anonymous_5)
FNDA:6,(anonymous_6)
FNDA:27,(anonymous_7)
FNDA:40,(anonymous_8)
FNDA:6,(anonymous_9)
FNDA:75,(anonymous_10)
FNDA:340,(anonymous_11)
DA:4,1
DA:6,12
DA:8,12
DA:9,3
DA:12,12
DA:13,6
DA:14,55
DA:16,26
DA:19,12
DA:20,6
DA:23,27
DA:24,27
DA:25,6
DA:26,3
DA:27,3
DA:28,2
DA:30,1
DA:33,21
DA:35,27
DA:43,12
DA:49,40
DA:58,6
DA:76,75
DA:78,340
DA:93,1
LF:25
LH:25
BRDA:13,0,0,3
BRDA:13,0,1,3
BRDA:16,1,0,15
BRDA:16,1,1,11
BRDA:24,2,0,6
BRDA:24,2,1,21
BRDA:25,3,0,3
BRDA:25,3,1,3
BRDA:27,4,0,2
BRDA:27,4,1,1
BRDA:37,5,0,4
BRDA:37,5,1,2
BRDA:44,6,0,12
BRDA:44,6,1,0
BRDA:45,7,0,12
BRDA:45,7,1,9
BRDA:51,8,0,13
BRDA:51,8,1,27
BRDA:60,9,0,3
BRDA:60,9,1,3
BRDA:61,10,0,2
BRDA:61,10,1,4
BRDA:73,11,0,12
BRDA:73,11,1,9
BRDA:79,12,0,115
BRDA:79,12,1,225
BRDA:80,13,0,340
BRDA:80,13,1,150
BRF:28
BRH:27
end_of_record
TN:
SF:src\lib\sub-navigation\SubNavigation.jsx
FN:4,(anonymous_0)
FN:15,(anonymous_1)
FNF:2
FNH:2
FNDA:2,(anonymous_0)
FNDA:6,(anonymous_1)
DA:4,1
DA:8,2
DA:16,6
DA:38,1
DA:49,1
LF:5
LH:5
BRDA:9,0,0,2
BRDA:9,0,1,2
BRDA:11,1,0,2
BRDA:11,1,1,2
BRDA:18,2,0,2
BRDA:18,2,1,4
BRDA:23,3,0,6
BRDA:23,3,1,2
BRF:8
BRH:8
end_of_record
TN:
SF:src\lib\table\Table.jsx
FN:4,(anonymous_0)
FN:24,(anonymous_1)
FN:41,(anonymous_2)
FN:43,(anonymous_3)
FNF:4
FNH:4
FNDA:7,(anonymous_0)
FNDA:16,(anonymous_1)
FNDA:21,(anonymous_2)
FNDA:48,(anonymous_3)
DA:4,1
DA:12,7
DA:25,16
DA:42,21
DA:44,48
DA:74,1
LF:6
LH:6
BRDA:14,0,0,7
BRDA:14,0,1,4
BRDA:16,1,0,4
BRDA:16,1,1,4
BRDA:21,2,0,7
BRDA:21,2,1,7
BRDA:27,3,0,2
BRDA:27,3,1,14
BRDA:28,4,0,3
BRDA:28,4,1,13
BRDA:39,5,0,7
BRDA:39,5,1,7
BRDA:46,6,0,48
BRDA:46,6,1,21
BRDA:46,6,2,18
BRDA:56,7,0,48
BRDA:56,7,1,21
BRDA:56,7,2,30
BRDA:59,8,0,6
BRDA:59,8,1,24
BRF:20
BRH:20
end_of_record
